[debug] [2025-02-16T20:08:24.020Z] ----------------------------------------------------------------------
[debug] [2025-02-16T20:08:24.023Z] Command:       C:\Program Files\nodejs\node.exe C:\Users\saich\AppData\Roaming\npm\node_modules\firebase-tools\lib\bin\firebase.js init hosting
[debug] [2025-02-16T20:08:24.023Z] CLI Version:   13.31.1
[debug] [2025-02-16T20:08:24.023Z] Platform:      win32
[debug] [2025-02-16T20:08:24.023Z] Node Version:  v22.11.0
[debug] [2025-02-16T20:08:24.023Z] Time:          Sun Feb 16 2025 15:08:24 GMT-0500 (Eastern Standard Time)
[debug] [2025-02-16T20:08:24.023Z] ----------------------------------------------------------------------
[debug] 
[debug] [2025-02-16T20:08:24.197Z] > command requires scopes: ["email","openid","https://www.googleapis.com/auth/cloudplatformprojects.readonly","https://www.googleapis.com/auth/firebase","https://www.googleapis.com/auth/cloud-platform"]
[debug] [2025-02-16T20:08:24.197Z] > authorizing via signed-in user (charanvss2114@gmail.com)
[info] 
     ######## #### ########  ######## ########     ###     ######  ########
     ##        ##  ##     ## ##       ##     ##  ##   ##  ##       ##
     ######    ##  ########  ######   ########  #########  ######  ######
     ##        ##  ##    ##  ##       ##     ## ##     ##       ## ##
     ##       #### ##     ## ######## ########  ##     ##  ######  ########

You're about to initialize a Firebase project in this directory:

  C:\Users\saich\Videos\task-manager-app

Before we get started, keep in mind:

  * You are initializing within an existing Firebase project directory

[info] 
=== Project Setup
[info] 
[info] First, let's associate this project directory with a Firebase project.
[info] You can create multiple project aliases by running firebase use --add, 
[info] but for now we'll just set up a default project.
[info] 
[debug] [2025-02-16T20:08:29.309Z] Using project from CLI flag: task-manager-app-25
[debug] [2025-02-16T20:08:29.309Z] Checked if tokens are valid: true, expires at: 1739740093049
[debug] [2025-02-16T20:08:29.310Z] Checked if tokens are valid: true, expires at: 1739740093049
[debug] [2025-02-16T20:08:29.311Z] >>> [apiv2][query] GET https://firebase.googleapis.com/v1beta1/projects/task-manager-app-25 [none]
[debug] [2025-02-16T20:08:29.716Z] <<< [apiv2][status] GET https://firebase.googleapis.com/v1beta1/projects/task-manager-app-25 403
[debug] [2025-02-16T20:08:29.717Z] <<< [apiv2][body] GET https://firebase.googleapis.com/v1beta1/projects/task-manager-app-25 {"error":{"code":403,"message":"The caller does not have permission","status":"PERMISSION_DENIED"}}
[debug] [2025-02-16T20:08:29.717Z] Request to https://firebase.googleapis.com/v1beta1/projects/task-manager-app-25 had HTTP Error: 403, The caller does not have permission
[debug] [2025-02-16T20:08:29.718Z] FirebaseError: Request to https://firebase.googleapis.com/v1beta1/projects/task-manager-app-25 had HTTP Error: 403, The caller does not have permission
    at responseToError (C:\Users\saich\AppData\Roaming\npm\node_modules\firebase-tools\lib\responseToError.js:52:12)
    at RetryOperation._fn (C:\Users\saich\AppData\Roaming\npm\node_modules\firebase-tools\lib\apiv2.js:312:77)
    at process.processTicksAndRejections (node:internal/process/task_queues:105:5)
[error] 
[error] Error: Failed to get Firebase project task-manager-app-25. Please make sure the project exists and your account has permission to access it.
